{
  "Unit Tests": {
    "coverage": {
      "C:/Users/augusto/Documents/GitHub/prova4/app/models/post.rb": [
        1,
        1,
        null
      ],
      "C:/Users/augusto/Documents/GitHub/prova4/test/models/post_test.rb": [
        1,
        null,
        1,
        1,
        1,
        1,
        null,
        null,
        1,
        1,
        1,
        null,
        null,
        0,
        null,
        null,
        null,
        null,
        null
      ]
    },
    "timestamp": 1386356001
  },
  "RSpec": {
    "coverage": {
      "C:/Users/augusto/Documents/GitHub/prova4/app/models/post.rb": [
        1,
        1,
        null
      ],
      "C:/Users/augusto/Documents/GitHub/prova4/app/helpers/application_helper.rb": [
        1,
        null
      ],
      "C:/Users/augusto/Documents/GitHub/prova4/app/helpers/posts_helper.rb": [
        1,
        null
      ],
      "C:/Users/augusto/Documents/GitHub/prova4/test/models/post_test.rb": [
        1,
        null,
        1,
        1,
        1,
        1,
        null,
        null,
        1,
        1,
        1,
        null,
        null,
        0,
        null,
        null,
        null,
        null,
        null
      ],
      "C:/Users/augusto/Documents/GitHub/prova4/test/controllers/posts_controller_test.rb": [
        1,
        null,
        1,
        1,
        7,
        null,
        null,
        1,
        1,
        1,
        1,
        null,
        null,
        1,
        1,
        1,
        null,
        null,
        1,
        1,
        1,
        null,
        null,
        1,
        null,
        null,
        1,
        1,
        1,
        null,
        null,
        1,
        1,
        1,
        null,
        null,
        1,
        1,
        1,
        null,
        null,
        1,
        1,
        1,
        null,
        null,
        1,
        null,
        null
      ],
      "C:/Users/augusto/Documents/GitHub/prova4/app/controllers/posts_controller.rb": [
        1,
        1,
        null,
        null,
        null,
        1,
        1,
        null,
        null,
        null,
        null,
        1,
        null,
        null,
        null,
        1,
        1,
        null,
        null,
        null,
        1,
        null,
        null,
        null,
        null,
        1,
        1,
        null,
        1,
        1,
        2,
        1,
        null,
        0,
        0,
        null,
        null,
        null,
        null,
        null,
        null,
        1,
        1,
        1,
        2,
        1,
        null,
        0,
        0,
        null,
        null,
        null,
        null,
        null,
        null,
        1,
        1,
        1,
        2,
        1,
        null,
        null,
        null,
        1,
        null,
        1,
        4,
        null,
        null,
        null,
        1,
        2,
        null,
        null
      ],
      "C:/Users/augusto/Documents/GitHub/prova4/app/controllers/application_controller.rb": [
        1,
        null,
        null,
        1,
        null
      ]
    },
    "timestamp": 1386364307
  }
}
